INFO  Start processing
INFO  Files loaded in 944 ms
ERROR node_modules/_@types_babel-types@7.0.8@@types/babel-types/ts3.7/index.d.ts(1,15): error TS2307: Cannot find module '../index' or its corresponding type declarations.
ERROR node_modules/_@types_babel-types@7.0.8@@types/babel-types/ts3.7/index.d.ts(3,111): error TS2307: Cannot find module '../index' or its corresponding type declarations.
ERROR node_modules/_@types_babel-types@7.0.8@@types/babel-types/ts3.7/index.d.ts(4,116): error TS2307: Cannot find module '../index' or its corresponding type declarations.
ERROR node_modules/_@types_babel-types@7.0.8@@types/babel-types/ts3.7/index.d.ts(5,112): error TS2307: Cannot find module '../index' or its corresponding type declarations.
ERROR node_modules/_@types_babel-types@7.0.8@@types/babel-types/ts3.7/index.d.ts(6,105): error TS2307: Cannot find module '../index' or its corresponding type declarations.
ERROR node_modules/_@types_babel-types@7.0.8@@types/babel-types/ts3.7/index.d.ts(7,112): error TS2307: Cannot find module '../index' or its corresponding type declarations.
ERROR node_modules/_@types_babel-types@7.0.8@@types/babel-types/ts3.7/index.d.ts(8,110): error TS2307: Cannot find module '../index' or its corresponding type declarations.
ERROR node_modules/_@types_babel-types@7.0.8@@types/babel-types/ts3.7/index.d.ts(9,110): error TS2307: Cannot find module '../index' or its corresponding type declarations.
ERROR node_modules/_@types_babel-types@7.0.8@@types/babel-types/ts3.7/index.d.ts(10,110): error TS2307: Cannot find module '../index' or its corresponding type declarations.
ERROR node_modules/_@types_babel-types@7.0.8@@types/babel-types/ts3.7/index.d.ts(11,107): error TS2307: Cannot find module '../index' or its corresponding type declarations.
ERROR node_modules/_@types_babel-types@7.0.8@@types/babel-types/ts3.7/index.d.ts(12,117): error TS2307: Cannot find module '../index' or its corresponding type declarations.
ERROR node_modules/_@types_babel-types@7.0.8@@types/babel-types/ts3.7/index.d.ts(13,113): error TS2307: Cannot find module '../index' or its corresponding type declarations.
ERROR node_modules/_@types_babel-types@7.0.8@@types/babel-types/ts3.7/index.d.ts(14,113): error TS2307: Cannot find module '../index' or its corresponding type declarations.
ERROR node_modules/_@types_babel-types@7.0.8@@types/babel-types/ts3.7/index.d.ts(15,112): error TS2307: Cannot find module '../index' or its corresponding type declarations.
ERROR node_modules/_@types_babel-types@7.0.8@@types/babel-types/ts3.7/index.d.ts(16,110): error TS2307: Cannot find module '../index' or its corresponding type declarations.
ERROR node_modules/_@types_babel-types@7.0.8@@types/babel-types/ts3.7/index.d.ts(17,115): error TS2307: Cannot find module '../index' or its corresponding type declarations.
ERROR node_modules/_@types_babel-types@7.0.8@@types/babel-types/ts3.7/index.d.ts(18,100): error TS2307: Cannot find module '../index' or its corresponding type declarations.
ERROR node_modules/_@types_babel-types@7.0.8@@types/babel-types/ts3.7/index.d.ts(19,110): error TS2307: Cannot find module '../index' or its corresponding type declarations.
ERROR node_modules/_@types_babel-types@7.0.8@@types/babel-types/ts3.7/index.d.ts(20,108): error TS2307: Cannot find module '../index' or its corresponding type declarations.
ERROR node_modules/_@types_babel-types@7.0.8@@types/babel-types/ts3.7/index.d.ts(21,115): error TS2307: Cannot find module '../index' or its corresponding type declarations.
ERROR node_modules/_@types_babel-types@7.0.8@@types/babel-types/ts3.7/index.d.ts(22,114): error TS2307: Cannot find module '../index' or its corresponding type declarations.
ERROR node_modules/_@types_babel-types@7.0.8@@types/babel-types/ts3.7/index.d.ts(23,106): error TS2307: Cannot find module '../index' or its corresponding type declarations.
ERROR node_modules/_@types_babel-types@7.0.8@@types/babel-types/ts3.7/index.d.ts(24,107): error TS2307: Cannot find module '../index' or its corresponding type declarations.
ERROR node_modules/_@types_babel-types@7.0.8@@types/babel-types/ts3.7/index.d.ts(25,112): error TS2307: Cannot find module '../index' or its corresponding type declarations.
ERROR node_modules/_@types_babel-types@7.0.8@@types/babel-types/ts3.7/index.d.ts(26,109): error TS2307: Cannot find module '../index' or its corresponding type declarations.
ERROR node_modules/_@types_babel-types@7.0.8@@types/babel-types/ts3.7/index.d.ts(27,110): error TS2307: Cannot find module '../index' or its corresponding type declarations.
ERROR node_modules/_@types_babel-types@7.0.8@@types/babel-types/ts3.7/index.d.ts(30,109): error TS2307: Cannot find module '../index' or its corresponding type declarations.
ERROR node_modules/_@types_babel-types@7.0.8@@types/babel-types/ts3.7/index.d.ts(31,107): error TS2307: Cannot find module '../index' or its corresponding type declarations.
ERROR node_modules/_@types_babel-types@7.0.8@@types/babel-types/ts3.7/index.d.ts(32,110): error TS2307: Cannot find module '../index' or its corresponding type declarations.
ERROR node_modules/_@types_babel-types@7.0.8@@types/babel-types/ts3.7/index.d.ts(33,109): error TS2307: Cannot find module '../index' or its corresponding type declarations.
ERROR node_modules/_@types_babel-types@7.0.8@@types/babel-types/ts3.7/index.d.ts(36,108): error TS2307: Cannot find module '../index' or its corresponding type declarations.
ERROR node_modules/_@types_babel-types@7.0.8@@types/babel-types/ts3.7/index.d.ts(37,113): error TS2307: Cannot find module '../index' or its corresponding type declarations.
ERROR node_modules/_@types_babel-types@7.0.8@@types/babel-types/ts3.7/index.d.ts(38,112): error TS2307: Cannot find module '../index' or its corresponding type declarations.
ERROR node_modules/_@types_babel-types@7.0.8@@types/babel-types/ts3.7/index.d.ts(39,109): error TS2307: Cannot find module '../index' or its corresponding type declarations.
ERROR node_modules/_@types_babel-types@7.0.8@@types/babel-types/ts3.7/index.d.ts(40,103): error TS2307: Cannot find module '../index' or its corresponding type declarations.
ERROR node_modules/_@types_babel-types@7.0.8@@types/babel-types/ts3.7/index.d.ts(41,112): error TS2307: Cannot find module '../index' or its corresponding type declarations.
ERROR node_modules/_@types_babel-types@7.0.8@@types/babel-types/ts3.7/index.d.ts(42,108): error TS2307: Cannot find module '../index' or its corresponding type declarations.
ERROR node_modules/_@types_babel-types@7.0.8@@types/babel-types/ts3.7/index.d.ts(43,110): error TS2307: Cannot find module '../index' or its corresponding type declarations.
ERROR node_modules/_@types_babel-types@7.0.8@@types/babel-types/ts3.7/index.d.ts(44,107): error TS2307: Cannot find module '../index' or its corresponding type declarations.
ERROR node_modules/_@types_babel-types@7.0.8@@types/babel-types/ts3.7/index.d.ts(45,111): error TS2307: Cannot find module '../index' or its corresponding type declarations.
ERROR node_modules/_@types_babel-types@7.0.8@@types/babel-types/ts3.7/index.d.ts(46,114): error TS2307: Cannot find module '../index' or its corresponding type declarations.
ERROR node_modules/_@types_babel-types@7.0.8@@types/babel-types/ts3.7/index.d.ts(47,106): error TS2307: Cannot find module '../index' or its corresponding type declarations.
ERROR node_modules/_@types_babel-types@7.0.8@@types/babel-types/ts3.7/index.d.ts(48,111): error TS2307: Cannot find module '../index' or its corresponding type declarations.
ERROR node_modules/_@types_babel-types@7.0.8@@types/babel-types/ts3.7/index.d.ts(49,110): error TS2307: Cannot find module '../index' or its corresponding type declarations.
ERROR node_modules/_@types_babel-types@7.0.8@@types/babel-types/ts3.7/index.d.ts(50,110): error TS2307: Cannot find module '../index' or its corresponding type declarations.
ERROR node_modules/_@types_babel-types@7.0.8@@types/babel-types/ts3.7/index.d.ts(51,108): error TS2307: Cannot find module '../index' or its corresponding type declarations.
ERROR node_modules/_@types_babel-types@7.0.8@@types/babel-types/ts3.7/index.d.ts(52,111): error TS2307: Cannot find module '../index' or its corresponding type declarations.
ERROR node_modules/_@types_babel-types@7.0.8@@types/babel-types/ts3.7/index.d.ts(53,112): error TS2307: Cannot find module '../index' or its corresponding type declarations.
ERROR node_modules/_@types_babel-types@7.0.8@@types/babel-types/ts3.7/index.d.ts(54,115): error TS2307: Cannot find module '../index' or its corresponding type declarations.
ERROR node_modules/_@types_babel-types@7.0.8@@types/babel-types/ts3.7/index.d.ts(55,114): error TS2307: Cannot find module '../index' or its corresponding type declarations.
ERROR node_modules/_@types_babel-types@7.0.8@@types/babel-types/ts3.7/index.d.ts(56,110): error TS2307: Cannot find module '../index' or its corresponding type declarations.
ERROR node_modules/_@types_babel-types@7.0.8@@types/babel-types/ts3.7/index.d.ts(57,109): error TS2307: Cannot find module '../index' or its corresponding type declarations.
ERROR node_modules/_@types_babel-types@7.0.8@@types/babel-types/ts3.7/index.d.ts(58,113): error TS2307: Cannot find module '../index' or its corresponding type declarations.
ERROR node_modules/_@types_babel-types@7.0.8@@types/babel-types/ts3.7/index.d.ts(59,108): error TS2307: Cannot find module '../index' or its corresponding type declarations.
ERROR node_modules/_@types_babel-types@7.0.8@@types/babel-types/ts3.7/index.d.ts(60,119): error TS2307: Cannot find module '../index' or its corresponding type declarations.
ERROR node_modules/_@types_babel-types@7.0.8@@types/babel-types/ts3.7/index.d.ts(61,105): error TS2307: Cannot find module '../index' or its corresponding type declarations.
ERROR node_modules/_@types_babel-types@7.0.8@@types/babel-types/ts3.7/index.d.ts(62,112): error TS2307: Cannot find module '../index' or its corresponding type declarations.
ERROR node_modules/_@types_babel-types@7.0.8@@types/babel-types/ts3.7/index.d.ts(63,111): error TS2307: Cannot find module '../index' or its corresponding type declarations.
ERROR node_modules/_@types_babel-types@7.0.8@@types/babel-types/ts3.7/index.d.ts(64,116): error TS2307: Cannot find module '../index' or its corresponding type declarations.
ERROR node_modules/_@types_babel-types@7.0.8@@types/babel-types/ts3.7/index.d.ts(65,120): error TS2307: Cannot find module '../index' or its corresponding type declarations.
ERROR node_modules/_@types_babel-types@7.0.8@@types/babel-types/ts3.7/index.d.ts(66,118): error TS2307: Cannot find module '../index' or its corresponding type declarations.
ERROR node_modules/_@types_babel-types@7.0.8@@types/babel-types/ts3.7/index.d.ts(67,111): error TS2307: Cannot find module '../index' or its corresponding type declarations.
ERROR node_modules/_@types_babel-types@7.0.8@@types/babel-types/ts3.7/index.d.ts(68,110): error TS2307: Cannot find module '../index' or its corresponding type declarations.
ERROR node_modules/_@types_babel-types@7.0.8@@types/babel-types/ts3.7/index.d.ts(69,113): error TS2307: Cannot find module '../index' or its corresponding type declarations.
ERROR node_modules/_@types_babel-types@7.0.8@@types/babel-types/ts3.7/index.d.ts(70,118): error TS2307: Cannot find module '../index' or its corresponding type declarations.
ERROR node_modules/_@types_babel-types@7.0.8@@types/babel-types/ts3.7/index.d.ts(71,120): error TS2307: Cannot find module '../index' or its corresponding type declarations.
ERROR node_modules/_@types_babel-types@7.0.8@@types/babel-types/ts3.7/index.d.ts(72,111): error TS2307: Cannot find module '../index' or its corresponding type declarations.
ERROR node_modules/_@types_babel-types@7.0.8@@types/babel-types/ts3.7/index.d.ts(73,108): error TS2307: Cannot find module '../index' or its corresponding type declarations.
ERROR node_modules/_@types_babel-types@7.0.8@@types/babel-types/ts3.7/index.d.ts(74,107): error TS2307: Cannot find module '../index' or its corresponding type declarations.
ERROR node_modules/_@types_babel-types@7.0.8@@types/babel-types/ts3.7/index.d.ts(75,109): error TS2307: Cannot find module '../index' or its corresponding type declarations.
ERROR node_modules/_@types_babel-types@7.0.8@@types/babel-types/ts3.7/index.d.ts(76,109): error TS2307: Cannot find module '../index' or its corresponding type declarations.
ERROR node_modules/_@types_babel-types@7.0.8@@types/babel-types/ts3.7/index.d.ts(77,101): error TS2307: Cannot find module '../index' or its corresponding type declarations.
ERROR node_modules/_@types_babel-types@7.0.8@@types/babel-types/ts3.7/index.d.ts(78,120): error TS2307: Cannot find module '../index' or its corresponding type declarations.
ERROR node_modules/_@types_babel-types@7.0.8@@types/babel-types/ts3.7/index.d.ts(79,111): error TS2307: Cannot find module '../index' or its corresponding type declarations.
ERROR node_modules/_@types_babel-types@7.0.8@@types/babel-types/ts3.7/index.d.ts(80,111): error TS2307: Cannot find module '../index' or its corresponding type declarations.
ERROR node_modules/_@types_babel-types@7.0.8@@types/babel-types/ts3.7/index.d.ts(81,111): error TS2307: Cannot find module '../index' or its corresponding type declarations.
ERROR node_modules/_@types_babel-types@7.0.8@@types/babel-types/ts3.7/index.d.ts(82,113): error TS2307: Cannot find module '../index' or its corresponding type declarations.
ERROR node_modules/_@types_babel-types@7.0.8@@types/babel-types/ts3.7/index.d.ts(83,115): error TS2307: Cannot find module '../index' or its corresponding type declarations.
ERROR node_modules/_@types_babel-types@7.0.8@@types/babel-types/ts3.7/index.d.ts(84,117): error TS2307: Cannot find module '../index' or its corresponding type declarations.
ERROR node_modules/_@types_babel-types@7.0.8@@types/babel-types/ts3.7/index.d.ts(85,124): error TS2307: Cannot find module '../index' or its corresponding type declarations.
ERROR node_modules/_@types_babel-types@7.0.8@@types/babel-types/ts3.7/index.d.ts(86,121): error TS2307: Cannot find module '../index' or its corresponding type declarations.
ERROR node_modules/_@types_babel-types@7.0.8@@types/babel-types/ts3.7/index.d.ts(87,111): error TS2307: Cannot find module '../index' or its corresponding type declarations.
ERROR node_modules/_@types_babel-types@7.0.8@@types/babel-types/ts3.7/index.d.ts(88,109): error TS2307: Cannot find module '../index' or its corresponding type declarations.
ERROR node_modules/_@types_babel-types@7.0.8@@types/babel-types/ts3.7/index.d.ts(89,108): error TS2307: Cannot find module '../index' or its corresponding type declarations.
ERROR node_modules/_@types_babel-types@7.0.8@@types/babel-types/ts3.7/index.d.ts(90,111): error TS2307: Cannot find module '../index' or its corresponding type declarations.
ERROR node_modules/_@types_babel-types@7.0.8@@types/babel-types/ts3.7/index.d.ts(91,112): error TS2307: Cannot find module '../index' or its corresponding type declarations.
ERROR node_modules/_@types_babel-types@7.0.8@@types/babel-types/ts3.7/index.d.ts(92,109): error TS2307: Cannot find module '../index' or its corresponding type declarations.
ERROR node_modules/_@types_babel-types@7.0.8@@types/babel-types/ts3.7/index.d.ts(93,112): error TS2307: Cannot find module '../index' or its corresponding type declarations.
ERROR node_modules/_@types_babel-types@7.0.8@@types/babel-types/ts3.7/index.d.ts(94,111): error TS2307: Cannot find module '../index' or its corresponding type declarations.
ERROR node_modules/_@types_babel-types@7.0.8@@types/babel-types/ts3.7/index.d.ts(95,116): error TS2307: Cannot find module '../index' or its corresponding type declarations.
ERROR node_modules/_@types_babel-types@7.0.8@@types/babel-types/ts3.7/index.d.ts(96,118): error TS2307: Cannot find module '../index' or its corresponding type declarations.
ERROR node_modules/_@types_babel-types@7.0.8@@types/babel-types/ts3.7/index.d.ts(97,113): error TS2307: Cannot find module '../index' or its corresponding type declarations.
ERROR node_modules/_@types_babel-types@7.0.8@@types/babel-types/ts3.7/index.d.ts(98,117): error TS2307: Cannot find module '../index' or its corresponding type declarations.
ERROR node_modules/_@types_babel-types@7.0.8@@types/babel-types/ts3.7/index.d.ts(99,112): error TS2307: Cannot find module '../index' or its corresponding type declarations.
ERROR node_modules/_@types_babel-types@7.0.8@@types/babel-types/ts3.7/index.d.ts(100,116): error TS2307: Cannot find module '../index' or its corresponding type declarations.
ERROR node_modules/_@types_babel-types@7.0.8@@types/babel-types/ts3.7/index.d.ts(101,122): error TS2307: Cannot find module '../index' or its corresponding type declarations.
ERROR node_modules/_@types_babel-types@7.0.8@@types/babel-types/ts3.7/index.d.ts(102,115): error TS2307: Cannot find module '../index' or its corresponding type declarations.
ERROR node_modules/_@types_babel-types@7.0.8@@types/babel-types/ts3.7/index.d.ts(103,118): error TS2307: Cannot find module '../index' or its corresponding type declarations.
ERROR node_modules/_@types_babel-types@7.0.8@@types/babel-types/ts3.7/index.d.ts(104,124): error TS2307: Cannot find module '../index' or its corresponding type declarations.
ERROR node_modules/_@types_babel-types@7.0.8@@types/babel-types/ts3.7/index.d.ts(105,116): error TS2307: Cannot find module '../index' or its corresponding type declarations.
ERROR node_modules/_@types_babel-types@7.0.8@@types/babel-types/ts3.7/index.d.ts(106,123): error TS2307: Cannot find module '../index' or its corresponding type declarations.
ERROR node_modules/_@types_babel-types@7.0.8@@types/babel-types/ts3.7/index.d.ts(107,116): error TS2307: Cannot find module '../index' or its corresponding type declarations.
ERROR node_modules/_@types_babel-types@7.0.8@@types/babel-types/ts3.7/index.d.ts(108,114): error TS2307: Cannot find module '../index' or its corresponding type declarations.
ERROR node_modules/_@types_babel-types@7.0.8@@types/babel-types/ts3.7/index.d.ts(109,115): error TS2307: Cannot find module '../index' or its corresponding type declarations.
ERROR node_modules/_@types_babel-types@7.0.8@@types/babel-types/ts3.7/index.d.ts(110,116): error TS2307: Cannot find module '../index' or its corresponding type declarations.
ERROR node_modules/_@types_babel-types@7.0.8@@types/babel-types/ts3.7/index.d.ts(111,105): error TS2307: Cannot find module '../index' or its corresponding type declarations.
ERROR node_modules/_@types_babel-types@7.0.8@@types/babel-types/ts3.7/index.d.ts(112,110): error TS2307: Cannot find module '../index' or its corresponding type declarations.
ERROR node_modules/_@types_babel-types@7.0.8@@types/babel-types/ts3.7/index.d.ts(113,114): error TS2307: Cannot find module '../index' or its corresponding type declarations.
ERROR node_modules/_@types_babel-types@7.0.8@@types/babel-types/ts3.7/index.d.ts(114,109): error TS2307: Cannot find module '../index' or its corresponding type declarations.
ERROR node_modules/_@types_babel-types@7.0.8@@types/babel-types/ts3.7/index.d.ts(115,120): error TS2307: Cannot find module '../index' or its corresponding type declarations.
ERROR node_modules/_@types_babel-types@7.0.8@@types/babel-types/ts3.7/index.d.ts(116,122): error TS2307: Cannot find module '../index' or its corresponding type declarations.
ERROR node_modules/_@types_babel-types@7.0.8@@types/babel-types/ts3.7/index.d.ts(117,116): error TS2307: Cannot find module '../index' or its corresponding type declarations.
ERROR node_modules/_@types_babel-types@7.0.8@@types/babel-types/ts3.7/index.d.ts(118,118): error TS2307: Cannot find module '../index' or its corresponding type declarations.
ERROR node_modules/_@types_babel-types@7.0.8@@types/babel-types/ts3.7/index.d.ts(119,113): error TS2307: Cannot find module '../index' or its corresponding type declarations.
ERROR node_modules/_@types_babel-types@7.0.8@@types/babel-types/ts3.7/index.d.ts(120,114): error TS2307: Cannot find module '../index' or its corresponding type declarations.
ERROR node_modules/_@types_babel-types@7.0.8@@types/babel-types/ts3.7/index.d.ts(121,119): error TS2307: Cannot find module '../index' or its corresponding type declarations.
ERROR node_modules/_@types_babel-types@7.0.8@@types/babel-types/ts3.7/index.d.ts(122,115): error TS2307: Cannot find module '../index' or its corresponding type declarations.
ERROR node_modules/_@types_babel-types@7.0.8@@types/babel-types/ts3.7/index.d.ts(123,114): error TS2307: Cannot find module '../index' or its corresponding type declarations.
ERROR node_modules/_@types_babel-types@7.0.8@@types/babel-types/ts3.7/index.d.ts(124,108): error TS2307: Cannot find module '../index' or its corresponding type declarations.
ERROR node_modules/_@types_babel-types@7.0.8@@types/babel-types/ts3.7/index.d.ts(125,113): error TS2307: Cannot find module '../index' or its corresponding type declarations.
ERROR node_modules/_@types_babel-types@7.0.8@@types/babel-types/ts3.7/index.d.ts(126,106): error TS2307: Cannot find module '../index' or its corresponding type declarations.
ERROR node_modules/_@types_babel-types@7.0.8@@types/babel-types/ts3.7/index.d.ts(127,114): error TS2307: Cannot find module '../index' or its corresponding type declarations.
ERROR node_modules/_@types_babel-types@7.0.8@@types/babel-types/ts3.7/index.d.ts(128,118): error TS2307: Cannot find module '../index' or its corresponding type declarations.
ERROR node_modules/_@types_babel-types@7.0.8@@types/babel-types/ts3.7/index.d.ts(129,109): error TS2307: Cannot find module '../index' or its corresponding type declarations.
ERROR node_modules/_@types_babel-types@7.0.8@@types/babel-types/ts3.7/index.d.ts(130,115): error TS2307: Cannot find module '../index' or its corresponding type declarations.
ERROR node_modules/_@types_babel-types@7.0.8@@types/babel-types/ts3.7/index.d.ts(131,113): error TS2307: Cannot find module '../index' or its corresponding type declarations.
ERROR node_modules/_@types_babel-types@7.0.8@@types/babel-types/ts3.7/index.d.ts(132,113): error TS2307: Cannot find module '../index' or its corresponding type declarations.
ERROR node_modules/_@types_babel-types@7.0.8@@types/babel-types/ts3.7/index.d.ts(133,114): error TS2307: Cannot find module '../index' or its corresponding type declarations.
ERROR node_modules/_@types_babel-types@7.0.8@@types/babel-types/ts3.7/index.d.ts(134,103): error TS2307: Cannot find module '../index' or its corresponding type declarations.
ERROR node_modules/_@types_babel-types@7.0.8@@types/babel-types/ts3.7/index.d.ts(135,100): error TS2307: Cannot find module '../index' or its corresponding type declarations.
ERROR node_modules/_@types_babel-types@7.0.8@@types/babel-types/ts3.7/index.d.ts(136,119): error TS2307: Cannot find module '../index' or its corresponding type declarations.
ERROR node_modules/_@types_babel-types@7.0.8@@types/babel-types/ts3.7/index.d.ts(137,111): error TS2307: Cannot find module '../index' or its corresponding type declarations.
ERROR node_modules/_@types_babel-types@7.0.8@@types/babel-types/ts3.7/index.d.ts(138,110): error TS2307: Cannot find module '../index' or its corresponding type declarations.
ERROR node_modules/_@types_babel-types@7.0.8@@types/babel-types/ts3.7/index.d.ts(139,105): error TS2307: Cannot find module '../index' or its corresponding type declarations.
ERROR node_modules/_@types_babel-types@7.0.8@@types/babel-types/ts3.7/index.d.ts(140,108): error TS2307: Cannot find module '../index' or its corresponding type declarations.
ERROR node_modules/_@types_babel-types@7.0.8@@types/babel-types/ts3.7/index.d.ts(141,118): error TS2307: Cannot find module '../index' or its corresponding type declarations.
ERROR node_modules/_@types_babel-types@7.0.8@@types/babel-types/ts3.7/index.d.ts(142,120): error TS2307: Cannot find module '../index' or its corresponding type declarations.
ERROR node_modules/_@types_babel-types@7.0.8@@types/babel-types/ts3.7/index.d.ts(143,108): error TS2307: Cannot find module '../index' or its corresponding type declarations.
ERROR node_modules/_@types_babel-types@7.0.8@@types/babel-types/ts3.7/index.d.ts(144,110): error TS2307: Cannot find module '../index' or its corresponding type declarations.
ERROR node_modules/_@types_babel-types@7.0.8@@types/babel-types/ts3.7/index.d.ts(145,106): error TS2307: Cannot find module '../index' or its corresponding type declarations.
ERROR node_modules/_@types_babel-types@7.0.8@@types/babel-types/ts3.7/index.d.ts(146,102): error TS2307: Cannot find module '../index' or its corresponding type declarations.
ERROR node_modules/_@types_babel-types@7.0.8@@types/babel-types/ts3.7/index.d.ts(147,104): error TS2307: Cannot find module '../index' or its corresponding type declarations.
ERROR node_modules/_@types_babel-types@7.0.8@@types/babel-types/ts3.7/index.d.ts(148,107): error TS2307: Cannot find module '../index' or its corresponding type declarations.
ERROR node_modules/_@types_babel-types@7.0.8@@types/babel-types/ts3.7/index.d.ts(149,101): error TS2307: Cannot find module '../index' or its corresponding type declarations.
ERROR node_modules/_@types_babel-types@7.0.8@@types/babel-types/ts3.7/index.d.ts(150,105): error TS2307: Cannot find module '../index' or its corresponding type declarations.
ERROR node_modules/_@types_babel-types@7.0.8@@types/babel-types/ts3.7/index.d.ts(151,110): error TS2307: Cannot find module '../index' or its corresponding type declarations.
ERROR node_modules/_@types_babel-types@7.0.8@@types/babel-types/ts3.7/index.d.ts(152,115): error TS2307: Cannot find module '../index' or its corresponding type declarations.
ERROR node_modules/_@types_babel-types@7.0.8@@types/babel-types/ts3.7/index.d.ts(153,107): error TS2307: Cannot find module '../index' or its corresponding type declarations.
ERROR node_modules/_@types_babel-types@7.0.8@@types/babel-types/ts3.7/index.d.ts(154,100): error TS2307: Cannot find module '../index' or its corresponding type declarations.
ERROR node_modules/_@types_babel-types@7.0.8@@types/babel-types/ts3.7/index.d.ts(155,101): error TS2307: Cannot find module '../index' or its corresponding type declarations.
ERROR node_modules/_@types_babel-types@7.0.8@@types/babel-types/ts3.7/index.d.ts(156,113): error TS2307: Cannot find module '../index' or its corresponding type declarations.
ERROR node_modules/_@types_babel-types@7.0.8@@types/babel-types/ts3.7/index.d.ts(157,99): error TS2307: Cannot find module '../index' or its corresponding type declarations.
ERROR node_modules/_@types_babel-types@7.0.8@@types/babel-types/ts3.7/index.d.ts(158,109): error TS2307: Cannot find module '../index' or its corresponding type declarations.
ERROR node_modules/_@types_babel-types@7.0.8@@types/babel-types/ts3.7/index.d.ts(160,104): error TS2307: Cannot find module '../index' or its corresponding type declarations.
ERROR node_modules/_@types_babel-types@7.0.8@@types/babel-types/ts3.7/index.d.ts(161,110): error TS2307: Cannot find module '../index' or its corresponding type declarations.
ERROR node_modules/_@types_babel-types@7.0.8@@types/babel-types/ts3.7/index.d.ts(162,103): error TS2307: Cannot find module '../index' or its corresponding type declarations.
ERROR node_modules/_@types_babel-types@7.0.8@@types/babel-types/ts3.7/index.d.ts(163,107): error TS2307: Cannot find module '../index' or its corresponding type declarations.
ERROR node_modules/_@types_babel-types@7.0.8@@types/babel-types/ts3.7/index.d.ts(164,100): error TS2307: Cannot find module '../index' or its corresponding type declarations.
ERROR node_modules/_@types_babel-types@7.0.8@@types/babel-types/ts3.7/index.d.ts(165,103): error TS2307: Cannot find module '../index' or its corresponding type declarations.
ERROR node_modules/_@types_babel-types@7.0.8@@types/babel-types/ts3.7/index.d.ts(166,105): error TS2307: Cannot find module '../index' or its corresponding type declarations.
ERROR node_modules/_@types_babel-types@7.0.8@@types/babel-types/ts3.7/index.d.ts(167,113): error TS2307: Cannot find module '../index' or its corresponding type declarations.
ERROR node_modules/_@types_babel-types@7.0.8@@types/babel-types/ts3.7/index.d.ts(168,102): error TS2307: Cannot find module '../index' or its corresponding type declarations.
ERROR node_modules/_@types_babel-types@7.0.8@@types/babel-types/ts3.7/index.d.ts(169,108): error TS2307: Cannot find module '../index' or its corresponding type declarations.
ERROR node_modules/_@types_babel-types@7.0.8@@types/babel-types/ts3.7/index.d.ts(170,104): error TS2307: Cannot find module '../index' or its corresponding type declarations.
ERROR node_modules/_@types_babel-types@7.0.8@@types/babel-types/ts3.7/index.d.ts(171,105): error TS2307: Cannot find module '../index' or its corresponding type declarations.
ERROR node_modules/_@types_babel-types@7.0.8@@types/babel-types/ts3.7/index.d.ts(172,103): error TS2307: Cannot find module '../index' or its corresponding type declarations.
ERROR node_modules/_@types_babel-types@7.0.8@@types/babel-types/ts3.7/index.d.ts(173,101): error TS2307: Cannot find module '../index' or its corresponding type declarations.
ERROR node_modules/_@types_babel-types@7.0.8@@types/babel-types/ts3.7/index.d.ts(174,113): error TS2307: Cannot find module '../index' or its corresponding type declarations.
ERROR node_modules/_@types_babel-types@7.0.8@@types/babel-types/ts3.7/index.d.ts(175,113): error TS2307: Cannot find module '../index' or its corresponding type declarations.
ERROR node_modules/_@types_babel-types@7.0.8@@types/babel-types/ts3.7/index.d.ts(176,111): error TS2307: Cannot find module '../index' or its corresponding type declarations.
ERROR node_modules/_@types_babel-types@7.0.8@@types/babel-types/ts3.7/index.d.ts(177,100): error TS2307: Cannot find module '../index' or its corresponding type declarations.
ERROR node_modules/_@types_babel-types@7.0.8@@types/babel-types/ts3.7/index.d.ts(178,114): error TS2307: Cannot find module '../index' or its corresponding type declarations.
ERROR node_modules/_@types_babel-types@7.0.8@@types/babel-types/ts3.7/index.d.ts(179,111): error TS2307: Cannot find module '../index' or its corresponding type declarations.
ERROR node_modules/_@types_babel-types@7.0.8@@types/babel-types/ts3.7/index.d.ts(180,99): error TS2307: Cannot find module '../index' or its corresponding type declarations.
ERROR node_modules/_@types_babel-types@7.0.8@@types/babel-types/ts3.7/index.d.ts(182,108): error TS2307: Cannot find module '../index' or its corresponding type declarations.
ERROR node_modules/_@types_babel-types@7.0.8@@types/babel-types/ts3.7/index.d.ts(183,107): error TS2307: Cannot find module '../index' or its corresponding type declarations.
ERROR node_modules/_@types_babel-types@7.0.8@@types/babel-types/ts3.7/index.d.ts(184,110): error TS2307: Cannot find module '../index' or its corresponding type declarations.
ERROR node_modules/_@types_babel-types@7.0.8@@types/babel-types/ts3.7/index.d.ts(185,112): error TS2307: Cannot find module '../index' or its corresponding type declarations.
ERROR node_modules/_@types_babel-types@7.0.8@@types/babel-types/ts3.7/index.d.ts(186,122): error TS2307: Cannot find module '../index' or its corresponding type declarations.
ERROR node_modules/_@types_babel-types@7.0.8@@types/babel-types/ts3.7/index.d.ts(187,127): error TS2307: Cannot find module '../index' or its corresponding type declarations.
ERROR node_modules/_@types_babel-types@7.0.8@@types/babel-types/ts3.7/index.d.ts(188,113): error TS2307: Cannot find module '../index' or its corresponding type declarations.
ERROR node_modules/_@types_babel-types@7.0.8@@types/babel-types/ts3.7/index.d.ts(189,113): error TS2307: Cannot find module '../index' or its corresponding type declarations.
ERROR node_modules/_@types_babel-types@7.0.8@@types/babel-types/ts3.7/index.d.ts(190,111): error TS2307: Cannot find module '../index' or its corresponding type declarations.
ERROR node_modules/_@types_babel-types@7.0.8@@types/babel-types/ts3.7/index.d.ts(191,113): error TS2307: Cannot find module '../index' or its corresponding type declarations.
ERROR node_modules/_@types_babel-types@7.0.8@@types/babel-types/ts3.7/index.d.ts(192,108): error TS2307: Cannot find module '../index' or its corresponding type declarations.
ERROR node_modules/_@types_babel-types@7.0.8@@types/babel-types/ts3.7/index.d.ts(193,114): error TS2307: Cannot find module '../index' or its corresponding type declarations.
ERROR node_modules/_@types_babel-types@7.0.8@@types/babel-types/ts3.7/index.d.ts(194,125): error TS2307: Cannot find module '../index' or its corresponding type declarations.
ERROR node_modules/_@types_babel-types@7.0.8@@types/babel-types/ts3.7/index.d.ts(195,121): error TS2307: Cannot find module '../index' or its corresponding type declarations.
ERROR node_modules/_@types_babel-types@7.0.8@@types/babel-types/ts3.7/index.d.ts(196,110): error TS2307: Cannot find module '../index' or its corresponding type declarations.
ERROR node_modules/_@types_babel-types@7.0.8@@types/babel-types/ts3.7/index.d.ts(197,121): error TS2307: Cannot find module '../index' or its corresponding type declarations.
ERROR node_modules/_@types_babel-types@7.0.8@@types/babel-types/ts3.7/index.d.ts(198,112): error TS2307: Cannot find module '../index' or its corresponding type declarations.
ERROR node_modules/_@types_babel-types@7.0.8@@types/babel-types/ts3.7/index.d.ts(199,115): error TS2307: Cannot find module '../index' or its corresponding type declarations.
ERROR node_modules/_@types_babel-types@7.0.8@@types/babel-types/ts3.7/index.d.ts(200,111): error TS2307: Cannot find module '../index' or its corresponding type declarations.
ERROR node_modules/_@types_babel-types@7.0.8@@types/babel-types/ts3.7/index.d.ts(201,118): error TS2307: Cannot find module '../index' or its corresponding type declarations.
ERROR node_modules/_@types_babel-types@7.0.8@@types/babel-types/ts3.7/index.d.ts(202,114): error TS2307: Cannot find module '../index' or its corresponding type declarations.
ERROR node_modules/_@types_babel-types@7.0.8@@types/babel-types/ts3.7/index.d.ts(203,109): error TS2307: Cannot find module '../index' or its corresponding type declarations.
ERROR node_modules/_@types_babel-types@7.0.8@@types/babel-types/ts3.7/index.d.ts(204,108): error TS2307: Cannot find module '../index' or its corresponding type declarations.
ERROR node_modules/_@types_babel-types@7.0.8@@types/babel-types/ts3.7/index.d.ts(205,113): error TS2307: Cannot find module '../index' or its corresponding type declarations.
ERROR node_modules/_@types_babel-types@7.0.8@@types/babel-types/ts3.7/index.d.ts(206,109): error TS2307: Cannot find module '../index' or its corresponding type declarations.
ERROR node_modules/_@types_babel-types@7.0.8@@types/babel-types/ts3.7/index.d.ts(207,115): error TS2307: Cannot find module '../index' or its corresponding type declarations.
ERROR node_modules/_@types_babel-types@7.0.8@@types/babel-types/ts3.7/index.d.ts(208,124): error TS2307: Cannot find module '../index' or its corresponding type declarations.
ERROR node_modules/_@types_babel-types@7.0.8@@types/babel-types/ts3.7/index.d.ts(209,110): error TS2307: Cannot find module '../index' or its corresponding type declarations.
ERROR node_modules/_@types_babel-types@7.0.8@@types/babel-types/ts3.7/index.d.ts(210,115): error TS2307: Cannot find module '../index' or its corresponding type declarations.
ERROR node_modules/_@types_babel-types@7.0.8@@types/babel-types/ts3.7/index.d.ts(211,109): error TS2307: Cannot find module '../index' or its corresponding type declarations.
ERROR node_modules/_@types_babel-types@7.0.8@@types/babel-types/ts3.7/index.d.ts(212,111): error TS2307: Cannot find module '../index' or its corresponding type declarations.
ERROR node_modules/_@types_babel-types@7.0.8@@types/babel-types/ts3.7/index.d.ts(213,111): error TS2307: Cannot find module '../index' or its corresponding type declarations.
ERROR node_modules/_@types_babel-types@7.0.8@@types/babel-types/ts3.7/index.d.ts(214,115): error TS2307: Cannot find module '../index' or its corresponding type declarations.
ERROR node_modules/_@types_babel-types@7.0.8@@types/babel-types/ts3.7/index.d.ts(215,115): error TS2307: Cannot find module '../index' or its corresponding type declarations.
ERROR node_modules/_@types_babel-types@7.0.8@@types/babel-types/ts3.7/index.d.ts(216,115): error TS2307: Cannot find module '../index' or its corresponding type declarations.
ERROR node_modules/_@types_babel-types@7.0.8@@types/babel-types/ts3.7/index.d.ts(217,111): error TS2307: Cannot find module '../index' or its corresponding type declarations.
ERROR node_modules/_@types_babel-types@7.0.8@@types/babel-types/ts3.7/index.d.ts(218,111): error TS2307: Cannot find module '../index' or its corresponding type declarations.
ERROR node_modules/_@types_babel-types@7.0.8@@types/babel-types/ts3.7/index.d.ts(219,111): error TS2307: Cannot find module '../index' or its corresponding type declarations.
ERROR node_modules/_@types_babel-types@7.0.8@@types/babel-types/ts3.7/index.d.ts(220,106): error TS2307: Cannot find module '../index' or its corresponding type declarations.
ERROR node_modules/_@types_babel-types@7.0.8@@types/babel-types/ts3.7/index.d.ts(221,107): error TS2307: Cannot find module '../index' or its corresponding type declarations.
ERROR node_modules/_@types_babel-types@7.0.8@@types/babel-types/ts3.7/index.d.ts(222,118): error TS2307: Cannot find module '../index' or its corresponding type declarations.
ERROR node_modules/_@types_babel-types@7.0.8@@types/babel-types/ts3.7/index.d.ts(223,112): error TS2307: Cannot find module '../index' or its corresponding type declarations.
ERROR node_modules/_@types_babel-types@7.0.8@@types/babel-types/ts3.7/index.d.ts(224,111): error TS2307: Cannot find module '../index' or its corresponding type declarations.
ERROR node_modules/_@types_babel-types@7.0.8@@types/babel-types/ts3.7/index.d.ts(225,109): error TS2307: Cannot find module '../index' or its corresponding type declarations.
ERROR node_modules/_@types_babel-types@7.0.8@@types/babel-types/ts3.7/index.d.ts(226,110): error TS2307: Cannot find module '../index' or its corresponding type declarations.
ERROR node_modules/_@types_babel-types@7.0.8@@types/babel-types/ts3.7/index.d.ts(227,111): error TS2307: Cannot find module '../index' or its corresponding type declarations.
ERROR node_modules/_@types_babel-types@7.0.8@@types/babel-types/ts3.7/index.d.ts(228,122): error TS2307: Cannot find module '../index' or its corresponding type declarations.
ERROR node_modules/_@types_babel-types@7.0.8@@types/babel-types/ts3.7/index.d.ts(229,124): error TS2307: Cannot find module '../index' or its corresponding type declarations.
ERROR node_modules/_@types_babel-types@7.0.8@@types/babel-types/ts3.7/index.d.ts(230,111): error TS2307: Cannot find module '../index' or its corresponding type declarations.
ERROR node_modules/_@types_babel-types@7.0.8@@types/babel-types/ts3.7/index.d.ts(231,107): error TS2307: Cannot find module '../index' or its corresponding type declarations.
ERROR node_modules/_@types_babel-types@7.0.8@@types/babel-types/ts3.7/index.d.ts(232,111): error TS2307: Cannot find module '../index' or its corresponding type declarations.
ERROR node_modules/_@types_babel-types@7.0.8@@types/babel-types/ts3.7/index.d.ts(233,114): error TS2307: Cannot find module '../index' or its corresponding type declarations.
ERROR node_modules/_@types_babel-types@7.0.8@@types/babel-types/ts3.7/index.d.ts(234,107): error TS2307: Cannot find module '../index' or its corresponding type declarations.
ERROR node_modules/_@types_babel-types@7.0.8@@types/babel-types/ts3.7/index.d.ts(235,109): error TS2307: Cannot find module '../index' or its corresponding type declarations.
ERROR node_modules/_@types_babylon@6.16.5@@types/babylon/index.d.ts(8,10): error TS2305: Module '"./node_modules/@types/babel-types/ts3.7"' has no exported member 'File'.
ERROR node_modules/_@types_babylon@6.16.5@@types/babylon/index.d.ts(8,16): error TS2305: Module '"./node_modules/@types/babel-types/ts3.7"' has no exported member 'Expression'.
ERROR Asset render failed: js/tsconfig.json
SyntaxError: Unexpected token / in JSON at position 29
    at JSON.parse (<anonymous>)
    at Hexo.jsonRenderer (/home/dedicatus/laurenfrost.github.io/node_modules/_hexo@4.2.1@hexo/lib/plugins/renderer/json.js:4:15)
    at Hexo.tryCatcher (/home/dedicatus/laurenfrost.github.io/node_modules/_bluebird@3.7.2@bluebird/js/release/util.js:16:23)
    at Hexo.<anonymous> (/home/dedicatus/laurenfrost.github.io/node_modules/_bluebird@3.7.2@bluebird/js/release/method.js:15:34)
    at Promise.then.text (/home/dedicatus/laurenfrost.github.io/node_modules/_hexo@4.2.1@hexo/lib/hexo/render.js:75:22)
    at tryCatcher (/home/dedicatus/laurenfrost.github.io/node_modules/_bluebird@3.7.2@bluebird/js/release/util.js:16:23)
    at Promise._settlePromiseFromHandler (/home/dedicatus/laurenfrost.github.io/node_modules/_bluebird@3.7.2@bluebird/js/release/promise.js:547:31)
    at Promise._settlePromise (/home/dedicatus/laurenfrost.github.io/node_modules/_bluebird@3.7.2@bluebird/js/release/promise.js:604:18)
    at Promise._settlePromise0 (/home/dedicatus/laurenfrost.github.io/node_modules/_bluebird@3.7.2@bluebird/js/release/promise.js:649:10)
    at Promise._settlePromises (/home/dedicatus/laurenfrost.github.io/node_modules/_bluebird@3.7.2@bluebird/js/release/promise.js:729:18)
    at _drainQueueStep (/home/dedicatus/laurenfrost.github.io/node_modules/_bluebird@3.7.2@bluebird/js/release/async.js:93:12)
    at _drainQueue (/home/dedicatus/laurenfrost.github.io/node_modules/_bluebird@3.7.2@bluebird/js/release/async.js:86:9)
    at Async._drainQueues (/home/dedicatus/laurenfrost.github.io/node_modules/_bluebird@3.7.2@bluebird/js/release/async.js:102:5)
    at Immediate.Async.drainQueues (/home/dedicatus/laurenfrost.github.io/node_modules/_bluebird@3.7.2@bluebird/js/release/async.js:15:14)
    at runCallback (timers.js:794:20)
    at tryOnImmediate (timers.js:752:5)
    at processImmediate [as _immediateCallback] (timers.js:729:5)
INFO  Generated: favicon.ico
INFO  Generated: about/index.html
INFO  Generated: friends/index.html
INFO  Generated: spell/index.html
INFO  Generated: css/caogao.txt
INFO  Generated: font/JetBrainsMono-Regular.woff2
INFO  Generated: img/Alipay.png
INFO  Generated: README.html
INFO  Generated: css/arknights.css
INFO  Generated: img/WeChat.jpg
INFO  Generated: img/logo.png
INFO  Generated: about/67341740-resized.jpg
INFO  Generated: font/BenderLight.ttf
INFO  Generated: js/tsconfig.json
INFO  Generated: js/arknights.js
INFO  Generated: friends/73278147-resized.jpg
INFO  Generated: img/bg.jpg
INFO  Generated: 2020/07/20/clear-cpu-cache/index.html
INFO  Generated: 2017/12/20/ble-profile-intro/index.html
INFO  Generated: 2020/05/04/ocl-context/index.html
INFO  Generated: 2020/04/28/cache-info/index.html
INFO  Generated: 2020/01/11/intro-to-lvds/oldi-24bit.png
INFO  Generated: 2017/07/12/mpi-learning/index.html
INFO  Generated: 2020/07/12/cpp-variable/index.html
INFO  Generated: 2020/07/30/git-pull-error/index.html
INFO  Generated: 2020/04/23/rocblas-trtri/index.html
INFO  Generated: 2020/01/11/intro-to-lvds/index.html
INFO  Generated: 2017/12/20/ble-profile-intro/ble-profile-overlook.jpg
INFO  Generated: 2017/07/12/mpi-learning/mpi-learning_scatter_displs.png
INFO  Generated: 2020/04/28/cache-info/MemoryHierarchy.png
INFO  Generated: 2020/07/30/git-pull-error/git-merge-error.png
INFO  Generated: 2020/07/30/git-pull-error/git-merge-error-whitebackground.png
INFO  Generated: 2020/01/11/intro-to-lvds/lvds-consist.png
INFO  Generated: 2020/01/11/intro-to-lvds/ds-magnaticfield.png
INFO  Generated: 2020/01/11/intro-to-lvds/ds-jamming.png
INFO  Generated: 2020/01/11/intro-to-lvds/ds-voltage.png
INFO  Generated: 2020/01/11/intro-to-lvds/ds.png
INFO  Generated: 2020/01/11/intro-to-lvds/oldi-2channel.png
INFO  Generated: 2020/01/11/intro-to-lvds/lvds-1channel.png
INFO  Generated: 2020/01/11/intro-to-lvds/oldi-18bit.png
INFO  Generated: 2020/01/11/intro-to-lvds/lvds-compare.png
INFO  Generated: 2020/01/11/intro-to-lvds/lvds-3channel.png
INFO  Generated: 2020/01/11/intro-to-lvds/oldi-basiclogic.png
INFO  Generated: about/67341740.jpg
INFO  Generated: img/bk.jpg
INFO  45 files generated in 1.88 s
